2022-01-26 14:14:04|   0.0|  0.0|INFORM|Current FME version: FME 2021.2.1.0 (20211203 - Build 21797 - WIN64)
2022-01-26 14:14:04|   0.0|  0.0|INFORM|FME_HOME is 'C:\Program Files\FME\'
2022-01-26 14:14:04|   0.0|  0.0|INFORM|FME Desktop Trial Edition (node locked-crc)
2022-01-26 14:14:04|   0.0|  0.0|INFORM|Serial Number: 0
2022-01-26 14:14:04|   0.0|  0.0|INFORM|Temporary License: 85 days left.
2022-01-26 14:14:04|   0.0|  0.0|INFORM|Machine host name is: DESKTOP-PNHRTPG
2022-01-26 14:14:04|   0.0|  0.0|INFORM|Locale: pl_PL
2022-01-26 14:14:04|   0.0|  0.0|INFORM|System Encoding: windows-1250
2022-01-26 14:14:04|   0.0|  0.0|INFORM|FME Configuration: FME_BASE is 'no'
2022-01-26 14:14:04|   0.0|  0.0|INFORM|FME Configuration: FME_MF_DIR is 'C:\Users\kondz\Desktop\bazy\cw12/'
2022-01-26 14:14:04|   0.0|  0.0|INFORM|FME Configuration: FME_MF_NAME is 'cw12.fmw'
2022-01-26 14:14:04|   0.0|  0.0|INFORM|FME Configuration: FME_PRODUCT_NAME is 'FME(R) 2021.2.1.0'
2022-01-26 14:14:04|   0.0|  0.0|INFORM|Operating System: Microsoft Windows 10 64-bit  (Build 19042)
2022-01-26 14:14:04|   0.0|  0.0|INFORM|FME Platform: WIN64
2022-01-26 14:14:04|   0.0|  0.0|INFORM|System Status: 44.84 GB of disk space available in the FME temporary folder (C:\Users\kondz\AppData\Local\Temp\wbrun_1643200141342_17400\fmetmp_1a)
2022-01-26 14:14:04|   0.0|  0.0|INFORM|System Status: 15.85 GB of physical memory available
2022-01-26 14:14:04|   0.0|  0.0|INFORM|System Status: 63.39 GB of virtual memory available
2022-01-26 14:14:04|   0.0|  0.0|INFORM|START - ProcessID: 14876, peak process memory usage: 44360 kB, current process memory usage: 44360 kB
2022-01-26 14:14:04|   0.0|  0.0|INFORM|FME Configuration: Command line arguments are `C:\Program Files\FME\fme.exe' `C:/Users/kondz/Desktop/bazy/cw12\wb-xlate-1643202843553_17400' `LOG_STANDARDOUT' `YES' `LogCountServerName' `{a810e34e-c7ba-4f3a-b88b-b8e5ff996e76}'
2022-01-26 14:14:04|   0.0|  0.0|INFORM|FME Configuration: Connection Storage: 'C:\Users\kondz\AppData\Roaming\Safe Software\FME\'
2022-01-26 14:14:04|   0.0|  0.0|INFORM|Shared folders for formats are : C:\Program Files\FME\datasources;C:\Users\kondz\Documents\FME\Formats
2022-01-26 14:14:04|   0.0|  0.0|INFORM|Shared folders for transformers are : C:\Users\kondz\AppData\Roaming\Safe Software\FME\Packages\21797-win64\transformers;C:\Program Files\FME\transformers;C:\Users\kondz\AppData\Roaming\Safe Software\FME\FME Store\Transformers
2022-01-26 14:14:04|   0.0|  0.0|INFORM|Shared folders for coordinate systems are : C:\Users\kondz\Documents\FME\CoordinateSystems
2022-01-26 14:14:04|   0.0|  0.0|INFORM|Shared folders for coordinate system exceptions are : C:\Users\kondz\Documents\FME\CoordinateSystemExceptions
2022-01-26 14:14:04|   0.0|  0.0|INFORM|Shared folders for coordinate system grid overrides are : C:\Users\kondz\Documents\FME\CoordinateSystemGridOverrides
2022-01-26 14:14:04|   0.0|  0.0|INFORM|Shared folders for CS-MAP transformation exceptions are : C:\Users\kondz\Documents\FME\CsmapTransformationExceptions
2022-01-26 14:14:04|   0.0|  0.0|INFORM|Shared folders for transformer categories are : C:\Users\kondz\Documents\FME\TransformerCategories
2022-01-26 14:14:04|   0.0|  0.0|INFORM|FME Configuration: Reader Keyword is `MULTI_READER'
2022-01-26 14:14:04|   0.0|  0.0|INFORM|FME Configuration: Writer Keyword is `MULTI_WRITER'
2022-01-26 14:14:04|   0.0|  0.0|INFORM|FME Configuration: Writer Group Definition Keyword is `MULTI_WRITER_DEF'
2022-01-26 14:14:04|   0.0|  0.0|INFORM|FME Configuration: Reader type is `MULTI_READER'
2022-01-26 14:14:04|   0.0|  0.0|INFORM|FME Configuration: Writer type is `MULTI_WRITER'
2022-01-26 14:14:04|   0.0|  0.0|INFORM|FME Configuration: No destination coordinate system set
2022-01-26 14:14:04|   0.0|  0.0|INFORM|FME Configuration: Current working folder is `C:\Users\kondz\Desktop\bazy\cw12'
2022-01-26 14:14:04|   0.0|  0.0|INFORM|FME Configuration: Temporary folder is `C:\Users\kondz\AppData\Local\Temp\wbrun_1643200141342_17400\fmetmp_1a', set from environment variable `FME_TEMP'
2022-01-26 14:14:04|   0.0|  0.0|INFORM|FME Configuration: Cache folder is 'C:\Users\kondz\AppData\Local\Temp'
2022-01-26 14:14:04|   0.0|  0.0|INFORM|FME Configuration: FME_HOME is `C:\Program Files\FME\'
2022-01-26 14:14:04|   0.0|  0.0|INFORM|FME Configuration: Start freeing memory when the process exceeds 47.54 GB
2022-01-26 14:14:04|   0.0|  0.0|INFORM|FME Configuration: Stop freeing memory when the process is below 35.66 GB
2022-01-26 14:14:04|   0.0|  0.0|INFORM|Creating writer for format: 
2022-01-26 14:14:04|   0.0|  0.0|INFORM|Creating reader for format: 
2022-01-26 14:14:04|   0.0|  0.0|INFORM|MULTI_READER(MULTI_READER): Will fail with first member reader failure
2022-01-26 14:14:04|   0.0|  0.0|INFORM|Using Multi Reader with keyword `MULTI_READER' to read multiple datasets
2022-01-26 14:14:04|   0.0|  0.0|INFORM|Using MultiWriter with keyword `MULTI_WRITER' to output data (ID_ATTRIBUTE is `multi_writer_id')
2022-01-26 14:14:04|   0.0|  0.0|INFORM|Writer output will be ordered by value of multi_writer_id
2022-01-26 14:14:04|   0.0|  0.0|INFORM|Loaded module 'LogCount_func' from file 'C:\Program Files\FME\plugins/LogCount_func.dll'
2022-01-26 14:14:04|   0.0|  0.0|INFORM|FME API version of module 'LogCount_func' matches current internal version (3.8 20210302)
2022-01-26 14:14:04|   0.0|  0.0|INFORM|Loaded module 'StatisticsCalculatorFactory' from file 'C:\Program Files\FME\plugins/StatisticsCalculatorFactory.dll'
2022-01-26 14:14:04|   0.0|  0.0|INFORM|FME API version of module 'StatisticsCalculatorFactory' matches current internal version (3.8 20210302)
2022-01-26 14:14:04|   0.0|  0.0|INFORM|StatisticsCalculator_2 (StatisticsCalculatorFactory): The following statistics will be calculated 'LAT.min,LAT.max,LAT.total_count,LON.min,LON.max,LON.total_count'
2022-01-26 14:14:04|   0.0|  0.0|INFORM|FME API version of module 'StatisticsCalculatorFactory' matches current internal version (3.8 20210302)
2022-01-26 14:14:04|   0.0|  0.0|INFORM|StatisticsCalculator (StatisticsCalculatorFactory): The following statistics will be calculated 'LON.min,LON.max,LON.total_count,LAT.min,LAT.max,LAT.total_count'
2022-01-26 14:14:04|   0.0|  0.0|INFORM|Emptying factory pipeline
2022-01-26 14:14:04|   0.0|  0.0|STATS |Router and Unexpected Input Remover (RoutingFactory): Tested 0 input feature(s), wrote 0 output feature(s): 0 matched merge filters, 0 were routed to output, 0 could not be routed.
2022-01-26 14:14:04|   0.0|  0.0|STATS |Unexpected Input Remover Nuker (TeeFactory): Cloned 0 input feature(s) into 0 output feature(s)
2022-01-26 14:14:04|   0.0|  0.0|STATS |T2019_KAR_STREETS_SHAPEFILE_2 Splitter (TeeFactory): Cloned 0 input feature(s) into 0 output feature(s)
2022-01-26 14:14:04|   0.0|  0.0|STATS |CSV_CSV2_1 Splitter (TeeFactory): Cloned 0 input feature(s) into 0 output feature(s)
2022-01-26 14:14:04|   0.0|  0.0|STATS |T2019_KAR_STREET_NODE_SHAPEFILE_1 Splitter (TeeFactory): Cloned 0 input feature(s) into 0 output feature(s)
2022-01-26 14:14:04|   0.0|  0.0|STATS |CSV_CSV2_2 Splitter (TeeFactory): Cloned 0 input feature(s) into 0 output feature(s)
2022-01-26 14:14:04|   0.0|  0.0|STATS |Restoring 1 feature(s) from FME feature store file `C:\Users\kondz\AppData\Local\Temp\wb-cache-cw12-lbwxRU\Main_Tester_3 -1 63 fo 0 PASSED  0  734e922906a9e7b35f006a43b100598778e80aa9.ffs'
2022-01-26 14:14:04|   0.0|  0.0|INFORM|Tester_3_PASSED_-1_68_Player (RecorderFactory): Played back 212 feature(s) from file `C:\Users\kondz\AppData\Local\Temp\wb-cache-cw12-lbwxRU\Main_Tester_3 -1 63 fo 0 PASSED  0  734e922906a9e7b35f006a43b100598778e80aa9.ffs'
2022-01-26 14:14:04|   0.0|  0.0|STATS |Storing feature(s) to FME feature store file `C:\Users\kondz\AppData\Local\Temp\wb-cache-cw12-lbwxRU\Main_StatisticsCalculator_2 -1 67 fo 1 COMPLETE  0  34edfbf214025c2e3f5971f2b1d5ae431d4e0a35.ffsupdating'
2022-01-26 14:14:04|   0.0|  0.0|INFORM|FFS writer: Writing 212 feature(s) to file 'C:\Users\kondz\AppData\Local\Temp\wb-cache-cw12-lbwxRU\Main_StatisticsCalculator_2 -1 67 fo 1 COMPLETE  0  34edfbf214025c2e3f5971f2b1d5ae431d4e0a35.fts'
2022-01-26 14:14:04|   0.0|  0.0|INFORM|Spatial Index: Adding 212 features
2022-01-26 14:14:04|   0.0|  0.0|STATS |Storing feature(s) to FME feature store file `C:\Users\kondz\AppData\Local\Temp\wb-cache-cw12-lbwxRU\Main_StatisticsCalculator_2 -1 67 fo 0 SUMMARY  0  228b30c0fcac19d08436ad42f9649adc7a896d45.ffsupdating'
2022-01-26 14:14:04|   0.1|  0.1|STATS |Restoring 1 feature(s) from FME feature store file `C:\Users\kondz\AppData\Local\Temp\wb-cache-cw12-lbwxRU\Main_LengthCalculator_2 -1 60 fo 0 OUTPUT  0  ea09ab44dcb76626baaddc114309046d6e41d6e4.ffs'
2022-01-26 14:14:04|   0.1|  0.0|INFORM|LengthCalculator_2_OUTPUT_-1_66_Player (RecorderFactory): Played back 1 feature(s) from file `C:\Users\kondz\AppData\Local\Temp\wb-cache-cw12-lbwxRU\Main_LengthCalculator_2 -1 60 fo 0 OUTPUT  0  ea09ab44dcb76626baaddc114309046d6e41d6e4.ffs'
2022-01-26 14:14:04|   0.1|  0.0|INFORM|StatisticsCalculator_2 (StatisticsCalculatorFactory): Processing complete
2022-01-26 14:14:04|   0.1|  0.0|STATS |StatisticsCalculator_2_SUMMARY Feature Counter -1 69 (TeeFactory): Cloned 1 input feature(s) into 1 output feature(s)
2022-01-26 14:14:04|   0.1|  0.0|STATS |StatisticsCalculator_2_COMPLETE Feature Counter -1 2147680323 (TeeFactory): Cloned 212 input feature(s) into 0 output feature(s)
2022-01-26 14:14:04|   0.1|  0.0|STATS |Storing feature(s) to FME feature store file `C:\Users\kondz\AppData\Local\Temp\wb-cache-cw12-lbwxRU\Main_merger -1 65 fo 0 MERGED  0  b65f3f633b0c3488d7572f95e040f52db53da4e6.ffsupdating'
2022-01-26 14:14:04|   0.1|  0.0|STATS |Restoring 1 feature(s) from FME feature store file `C:\Users\kondz\AppData\Local\Temp\wb-cache-cw12-lbwxRU\Main_Tester_2 -1 55 fo 0 PASSED  0  325b039e6fab2cb605abff9b04df9d6b10f0d2cf.ffs'
2022-01-26 14:14:04|   0.1|  0.0|INFORM|Tester_2_PASSED_-1_57_Player (RecorderFactory): Played back 408 feature(s) from file `C:\Users\kondz\AppData\Local\Temp\wb-cache-cw12-lbwxRU\Main_Tester_2 -1 55 fo 0 PASSED  0  325b039e6fab2cb605abff9b04df9d6b10f0d2cf.ffs'
2022-01-26 14:14:04|   0.1|  0.0|STATS |Restoring 1 feature(s) from FME feature store file `C:\Users\kondz\AppData\Local\Temp\wb-cache-cw12-lbwxRU\Main_LengthCalculator -1 53 fo 0 OUTPUT  0  f47f25d4f212412bea2c2f0762225cc1850375ca.ffs'
2022-01-26 14:14:04|   0.1|  0.0|INFORM|LengthCalculator_OUTPUT_-1_61_Player (RecorderFactory): Played back 1 feature(s) from file `C:\Users\kondz\AppData\Local\Temp\wb-cache-cw12-lbwxRU\Main_LengthCalculator -1 53 fo 0 OUTPUT  0  f47f25d4f212412bea2c2f0762225cc1850375ca.ffs'
2022-01-26 14:14:04|   0.1|  0.0|STATS |Restoring 40 feature(s) from FME feature store file `C:\Users\kondz\AppData\Local\Temp\wb-cache-cw12-lbwxRU\Main_poi_2 -1 38 fo 0 PASSED  0  a7bcb851beb972041b9c884bd6245297c356bf42.ffs'
2022-01-26 14:14:04|   0.1|  0.0|STATS |Restoring 25 feature(s) from FME feature store file `C:\Users\kondz\AppData\Local\Temp\wb-cache-cw12-lbwxRU\Main_poi_1 -1 35 fo 0 PASSED  0  19e5f84c33734b8df18eab0ab97d08f411529c3e.ffs'
2022-01-26 14:14:04|   0.1|  0.0|INFORM|FME Configuration: Using FME Reprojection Engine
2022-01-26 14:14:04|   0.1|  0.0|INFORM|poi_1_PASSED_-1_44_Player (RecorderFactory): Played back 25 feature(s) from file `C:\Users\kondz\AppData\Local\Temp\wb-cache-cw12-lbwxRU\Main_poi_1 -1 35 fo 0 PASSED  0  19e5f84c33734b8df18eab0ab97d08f411529c3e.ffs'
2022-01-26 14:14:04|   0.1|  0.0|INFORM|Creating writer for format: GeoJSON (Geographic JavaScript Object Notation)
2022-01-26 14:14:04|   0.2|  0.1|INFORM|Trying to find a DYNAMIC plugin for writer named `GEOJSON'
2022-01-26 14:14:04|   0.2|  0.0|INFORM|Loaded module 'GEOJSON' from file 'C:\Program Files\FME\plugins/JSON.dll'
2022-01-26 14:14:04|   0.2|  0.0|INFORM|FME API version of module 'GEOJSON' matches current internal version (3.8 20210302)
2022-01-26 14:14:04|   0.2|  0.0|INFORM|FME Configuration: Destination coordinate system set to `DHDN.Berlin/Cassini'
2022-01-26 14:14:04|   0.2|  0.0|INFORM|Coordinate System `DHDN.Berlin/Cassini' parameters: CS_NAME=`DHDN.Berlin/Cassini' DESC_NM=`DHDN / Soldner Berlin' DT_NAME=`DHDN' EPSG_QD=`-1' GROUP=`EUROPE' MAP_SCL=`1' MAX_LAT=`52.68' MAX_LNG=`13.77' MIN_LAT=`52.330000000000005' MIN_LNG=`13.08' ORG_LAT=`52.41864827777778' PARM1=`13.627203666666666' PROJ=`CASSINI' QUAD=`1' SCL_RED=`1' SOURCE=`EPSG, V6.11.2, 3068 [Berlin state statistical office. Also a]' UNIT=`Meter' X_OFF=`40000' Y_OFF=`10000' ZERO_X=`0.001' ZERO_Y=`0.001'
2022-01-26 14:14:04|   0.2|  0.0|INFORM|FME API version of module 'GEOJSON' matches current internal version (3.8 20210302)
2022-01-26 14:14:04|   0.2|  0.0|INFORM|Writer `GEOJSON_1' of type `GEOJSON' using group definition keyword `GEOJSON_1_DEF'
2022-01-26 14:14:04|   0.2|  0.0|INFORM|FME API version of module 'GEOJSON' matches current internal version (3.8 20210302)
2022-01-26 14:14:04|   0.2|  0.0|INFORM|GeoJSON Writer: All features not in WGS84 will be reprojected to WGS84
2022-01-26 14:14:04|   0.2|  0.0|INFORM|Opening the GEOJSON writer with destination dataset 'C:\Users\kondz\Desktop\bazy\cw12\poi_with_cost.json'
2022-01-26 14:14:04|   0.3|  0.1|INFORM|CS-MAP Reprojector: Transformation will be automatically selected for 'DHDN.Berlin/Cassini' -> 'LL84', and is not guaranteed to remain the same in future releases of FME
2022-01-26 14:14:04|   0.3|  0.0|INFORM|Reprojector: Using transformation `DHDN_to_ETRS89/01_8_ntv2_BeTA2007_FME,Forward(Grid File Interpolation,EPSG:15948)' when reprojecting from DHDN.Berlin/Cassini to LL84
2022-01-26 14:14:04|   0.3|  0.0|INFORM|Reprojector:`DHDN_to_ETRS89/01_8_ntv2_BeTA2007_FME,Forward(Grid File Interpolation,EPSG:15948)' will use the following grid shift files:
2022-01-26 14:14:04|   0.3|  0.0|INFORM|Reprojector:     C:\Program Files\FME\Reproject\EsriPEGridData\ntv2\germany\BeTA2007.gsb
2022-01-26 14:14:04|   0.3|  0.0|INFORM|Reprojector: If a point is outside the usable range of 'DHDN_to_ETRS89/01_8_ntv2_BeTA2007_FME' the following fallback transformation will be used: 'DHDN_to_WGS84,Forward(Seven Parameter,EPSG:1673)'
2022-01-26 14:14:04|   0.3|  0.0|INFORM|Reprojector: Using transformation `ETRS89/01_to_WGS84,Forward(Geocentric)' when reprojecting from DHDN.Berlin/Cassini to LL84
2022-01-26 14:14:04|   0.3|  0.0|INFORM|poi_2_PASSED_-1_42_Player (RecorderFactory): Played back 40 feature(s) from file `C:\Users\kondz\AppData\Local\Temp\wb-cache-cw12-lbwxRU\Main_poi_2 -1 38 fo 0 PASSED  0  a7bcb851beb972041b9c884bd6245297c356bf42.ffs'
2022-01-26 14:14:05|   0.5|  0.2|STATS |Storing feature(s) to FME feature store file `C:\Users\kondz\AppData\Local\Temp\wb-cache-cw12-lbwxRU\Main_merger -1 65 fo 2 USED_SUPPLIER  0  473506f98b4a8b5629e269812c42216d0753f891.ffsupdating'
2022-01-26 14:14:05|   0.5|  0.0|STATS |merger (ReferenceFactory): Total Results: 1 Complete Feature(s), 0 Incomplete Feature(s), 1 Referenced Feature(s), 0 Unreferenced Feature(s), 0 Referencer Feature(s) (NO REFERENCES), 0 Referencee Feature(s) (NO Referencee fields defined), and 0 Duplicate Referencee Feature(s)
2022-01-26 14:14:05|   0.5|  0.0|STATS |merger_MERGED Feature Counter -1 73 (TeeFactory): Cloned 1 input feature(s) into 1 output feature(s)
2022-01-26 14:14:05|   0.5|  0.0|STATS |merger_UNMERGED_REQUESTOR Feature Counter -1 2147680321 (TeeFactory): Cloned 0 input feature(s) into 0 output feature(s)
2022-01-26 14:14:05|   0.5|  0.0|STATS |merger_USED_SUPPLIER Feature Counter -1 2147745857 (TeeFactory): Cloned 1 input feature(s) into 0 output feature(s)
2022-01-26 14:14:05|   0.5|  0.0|STATS |merger_UNUSED_SUPPLIER Feature Counter -1 2147811393 (TeeFactory): Cloned 0 input feature(s) into 0 output feature(s)
2022-01-26 14:14:05|   0.5|  0.0|STATS |merger_<REJECTED> Feature Counter -1 2147876929 (TeeFactory): Cloned 0 input feature(s) into 0 output feature(s)
2022-01-26 14:14:05|   0.5|  0.0|STATS |merger_<Rejected> (TeeFactory): Cloned 0 input feature(s) into 0 output feature(s)
2022-01-26 14:14:05|   0.5|  0.0|STATS |Storing feature(s) to FME feature store file `C:\Users\kondz\AppData\Local\Temp\wb-cache-cw12-lbwxRU\Main_StatisticsCalculator -1 51 fo 1 COMPLETE  0  ac89f8aa25179bcde724a7163f88ab0fc3472cf2.ffsupdating'
2022-01-26 14:14:05|   0.5|  0.0|INFORM|FFS writer: Writing 408 feature(s) to file 'C:\Users\kondz\AppData\Local\Temp\wb-cache-cw12-lbwxRU\Main_StatisticsCalculator -1 51 fo 1 COMPLETE  0  ac89f8aa25179bcde724a7163f88ab0fc3472cf2.fts'
2022-01-26 14:14:05|   0.5|  0.0|INFORM|Spatial Index: Adding 408 features
2022-01-26 14:14:05|   0.5|  0.0|STATS |Storing feature(s) to FME feature store file `C:\Users\kondz\AppData\Local\Temp\wb-cache-cw12-lbwxRU\Main_StatisticsCalculator -1 51 fo 0 SUMMARY  0  e71d513aeec79851164f777494a3a5fb7e5b04fb.ffsupdating'
2022-01-26 14:14:05|   0.5|  0.0|STATS |Storing feature(s) to FME feature store file `C:\Users\kondz\AppData\Local\Temp\wb-cache-cw12-lbwxRU\Main_FeatureMerger -1 58 fo 0 MERGED  0  ffda8b7d3553b4fd70acf510d0a8facd314ded4c.ffsupdating'
2022-01-26 14:14:05|   0.6|  0.1|INFORM|StatisticsCalculator (StatisticsCalculatorFactory): Processing complete
2022-01-26 14:14:05|   0.6|  0.0|STATS |StatisticsCalculator_SUMMARY Feature Counter -1 59 (TeeFactory): Cloned 1 input feature(s) into 1 output feature(s)
2022-01-26 14:14:05|   0.6|  0.0|STATS |StatisticsCalculator_COMPLETE Feature Counter -1 2147680307 (TeeFactory): Cloned 408 input feature(s) into 0 output feature(s)
2022-01-26 14:14:05|   0.6|  0.0|STATS |Storing feature(s) to FME feature store file `C:\Users\kondz\AppData\Local\Temp\wb-cache-cw12-lbwxRU\Main_FeatureMerger -1 58 fo 2 USED_SUPPLIER  0  bce0915aea7f2e6f257885b2495cb2c7705a0e96.ffsupdating'
2022-01-26 14:14:05|   0.6|  0.0|STATS |FeatureMerger (ReferenceFactory): Total Results: 1 Complete Feature(s), 0 Incomplete Feature(s), 1 Referenced Feature(s), 0 Unreferenced Feature(s), 0 Referencer Feature(s) (NO REFERENCES), 0 Referencee Feature(s) (NO Referencee fields defined), and 0 Duplicate Referencee Feature(s)
2022-01-26 14:14:05|   0.6|  0.0|STATS |Stored 1 feature(s) to FME feature store file `C:\Users\kondz\AppData\Local\Temp\wb-cache-cw12-lbwxRU\Main_FeatureMerger -1 58 fo 2 USED_SUPPLIER  0  bce0915aea7f2e6f257885b2495cb2c7705a0e96.ffsupdating'
2022-01-26 14:14:05|   0.6|  0.0|INFORM|Saving spatial index into file 'C:\Users\kondz\AppData\Local\Temp\wb-cache-cw12-lbwxRU\Main_FeatureMerger -1 58 fo 2 USED_SUPPLIER  0  bce0915aea7f2e6f257885b2495cb2c7705a0e96.fsi'
2022-01-26 14:14:05|   0.6|  0.0|INFORM|Finished saving spatial index into file 'C:\Users\kondz\AppData\Local\Temp\wb-cache-cw12-lbwxRU\Main_FeatureMerger -1 58 fo 2 USED_SUPPLIER  0  bce0915aea7f2e6f257885b2495cb2c7705a0e96.fsi'
2022-01-26 14:14:05|   0.6|  0.0|STATS |Stored 1 feature(s) to FME feature store file `C:\Users\kondz\AppData\Local\Temp\wb-cache-cw12-lbwxRU\Main_merger -1 65 fo 2 USED_SUPPLIER  0  473506f98b4a8b5629e269812c42216d0753f891.ffsupdating'
2022-01-26 14:14:05|   0.6|  0.0|INFORM|Saving spatial index into file 'C:\Users\kondz\AppData\Local\Temp\wb-cache-cw12-lbwxRU\Main_merger -1 65 fo 2 USED_SUPPLIER  0  473506f98b4a8b5629e269812c42216d0753f891.fsi'
2022-01-26 14:14:05|   0.6|  0.0|INFORM|Finished saving spatial index into file 'C:\Users\kondz\AppData\Local\Temp\wb-cache-cw12-lbwxRU\Main_merger -1 65 fo 2 USED_SUPPLIER  0  473506f98b4a8b5629e269812c42216d0753f891.fsi'
2022-01-26 14:14:05|   0.6|  0.0|STATS |Stored 1 feature(s) to FME feature store file `C:\Users\kondz\AppData\Local\Temp\wb-cache-cw12-lbwxRU\Main_merger -1 65 fo 0 MERGED  0  b65f3f633b0c3488d7572f95e040f52db53da4e6.ffsupdating'
2022-01-26 14:14:05|   0.6|  0.0|INFORM|Saving spatial index into file 'C:\Users\kondz\AppData\Local\Temp\wb-cache-cw12-lbwxRU\Main_merger -1 65 fo 0 MERGED  0  b65f3f633b0c3488d7572f95e040f52db53da4e6.fsi'
2022-01-26 14:14:05|   0.6|  0.0|INFORM|Finished saving spatial index into file 'C:\Users\kondz\AppData\Local\Temp\wb-cache-cw12-lbwxRU\Main_merger -1 65 fo 0 MERGED  0  b65f3f633b0c3488d7572f95e040f52db53da4e6.fsi'
2022-01-26 14:14:05|   0.6|  0.0|STATS |Stored 1 feature(s) to FME feature store file `C:\Users\kondz\AppData\Local\Temp\wb-cache-cw12-lbwxRU\Main_StatisticsCalculator_2 -1 67 fo 0 SUMMARY  0  228b30c0fcac19d08436ad42f9649adc7a896d45.ffsupdating'
2022-01-26 14:14:05|   0.6|  0.0|INFORM|Saving spatial index into file 'C:\Users\kondz\AppData\Local\Temp\wb-cache-cw12-lbwxRU\Main_StatisticsCalculator_2 -1 67 fo 0 SUMMARY  0  228b30c0fcac19d08436ad42f9649adc7a896d45.fsi'
2022-01-26 14:14:05|   0.6|  0.0|INFORM|Finished saving spatial index into file 'C:\Users\kondz\AppData\Local\Temp\wb-cache-cw12-lbwxRU\Main_StatisticsCalculator_2 -1 67 fo 0 SUMMARY  0  228b30c0fcac19d08436ad42f9649adc7a896d45.fsi'
2022-01-26 14:14:05|   0.6|  0.0|STATS |Stored 1 feature(s) to FME feature store file `C:\Users\kondz\AppData\Local\Temp\wb-cache-cw12-lbwxRU\Main_StatisticsCalculator_2 -1 67 fo 1 COMPLETE  0  34edfbf214025c2e3f5971f2b1d5ae431d4e0a35.ffsupdating'
2022-01-26 14:14:05|   0.6|  0.0|INFORM|Saving spatial index into file 'C:\Users\kondz\AppData\Local\Temp\wb-cache-cw12-lbwxRU\Main_StatisticsCalculator_2 -1 67 fo 1 COMPLETE  0  34edfbf214025c2e3f5971f2b1d5ae431d4e0a35.fsi'
2022-01-26 14:14:05|   0.6|  0.0|INFORM|Finished saving spatial index into file 'C:\Users\kondz\AppData\Local\Temp\wb-cache-cw12-lbwxRU\Main_StatisticsCalculator_2 -1 67 fo 1 COMPLETE  0  34edfbf214025c2e3f5971f2b1d5ae431d4e0a35.fsi'
2022-01-26 14:14:05|   0.6|  0.0|STATS |Stored 1 feature(s) to FME feature store file `C:\Users\kondz\AppData\Local\Temp\wb-cache-cw12-lbwxRU\Main_StatisticsCalculator -1 51 fo 1 COMPLETE  0  ac89f8aa25179bcde724a7163f88ab0fc3472cf2.ffsupdating'
2022-01-26 14:14:05|   0.6|  0.0|INFORM|Saving spatial index into file 'C:\Users\kondz\AppData\Local\Temp\wb-cache-cw12-lbwxRU\Main_StatisticsCalculator -1 51 fo 1 COMPLETE  0  ac89f8aa25179bcde724a7163f88ab0fc3472cf2.fsi'
2022-01-26 14:14:05|   0.6|  0.0|INFORM|Finished saving spatial index into file 'C:\Users\kondz\AppData\Local\Temp\wb-cache-cw12-lbwxRU\Main_StatisticsCalculator -1 51 fo 1 COMPLETE  0  ac89f8aa25179bcde724a7163f88ab0fc3472cf2.fsi'
2022-01-26 14:14:05|   0.6|  0.0|STATS |Stored 1 feature(s) to FME feature store file `C:\Users\kondz\AppData\Local\Temp\wb-cache-cw12-lbwxRU\Main_StatisticsCalculator -1 51 fo 0 SUMMARY  0  e71d513aeec79851164f777494a3a5fb7e5b04fb.ffsupdating'
2022-01-26 14:14:05|   0.6|  0.0|INFORM|Saving spatial index into file 'C:\Users\kondz\AppData\Local\Temp\wb-cache-cw12-lbwxRU\Main_StatisticsCalculator -1 51 fo 0 SUMMARY  0  e71d513aeec79851164f777494a3a5fb7e5b04fb.fsi'
2022-01-26 14:14:05|   0.6|  0.0|INFORM|Finished saving spatial index into file 'C:\Users\kondz\AppData\Local\Temp\wb-cache-cw12-lbwxRU\Main_StatisticsCalculator -1 51 fo 0 SUMMARY  0  e71d513aeec79851164f777494a3a5fb7e5b04fb.fsi'
2022-01-26 14:14:05|   0.6|  0.0|STATS |Stored 1 feature(s) to FME feature store file `C:\Users\kondz\AppData\Local\Temp\wb-cache-cw12-lbwxRU\Main_FeatureMerger -1 58 fo 0 MERGED  0  ffda8b7d3553b4fd70acf510d0a8facd314ded4c.ffsupdating'
2022-01-26 14:14:05|   0.6|  0.0|INFORM|Saving spatial index into file 'C:\Users\kondz\AppData\Local\Temp\wb-cache-cw12-lbwxRU\Main_FeatureMerger -1 58 fo 0 MERGED  0  ffda8b7d3553b4fd70acf510d0a8facd314ded4c.fsi'
2022-01-26 14:14:05|   0.6|  0.0|INFORM|Finished saving spatial index into file 'C:\Users\kondz\AppData\Local\Temp\wb-cache-cw12-lbwxRU\Main_FeatureMerger -1 58 fo 0 MERGED  0  ffda8b7d3553b4fd70acf510d0a8facd314ded4c.fsi'
2022-01-26 14:14:05|   0.6|  0.0|STATS |FeatureMerger_MERGED Feature Counter -1 71 (TeeFactory): Cloned 1 input feature(s) into 1 output feature(s)
2022-01-26 14:14:05|   0.6|  0.0|STATS |FeatureMerger_UNMERGED_REQUESTOR Feature Counter -1 2147680314 (TeeFactory): Cloned 0 input feature(s) into 0 output feature(s)
2022-01-26 14:14:05|   0.6|  0.0|STATS |FeatureMerger_USED_SUPPLIER Feature Counter -1 2147745850 (TeeFactory): Cloned 1 input feature(s) into 0 output feature(s)
2022-01-26 14:14:05|   0.6|  0.0|STATS |FeatureMerger_UNUSED_SUPPLIER Feature Counter -1 2147811386 (TeeFactory): Cloned 0 input feature(s) into 0 output feature(s)
2022-01-26 14:14:05|   0.6|  0.0|STATS |FeatureMerger_<REJECTED> Feature Counter -1 2147876922 (TeeFactory): Cloned 0 input feature(s) into 0 output feature(s)
2022-01-26 14:14:05|   0.6|  0.0|STATS |FeatureMerger_<Rejected> (TeeFactory): Cloned 0 input feature(s) into 0 output feature(s)
2022-01-26 14:14:05|   0.6|  0.0|STATS |Destination Feature Type Routing Correlator (RoutingFactory): Tested 67 input feature(s), wrote 67 output feature(s): 0 matched merge filters, 67 were routed to output, 0 could not be routed.
2022-01-26 14:14:05|   0.6|  0.0|STATS |Final Output Nuker (TeeFactory): Cloned 0 input feature(s) into 0 output feature(s)
2022-01-26 14:14:05|   0.6|  0.0|WARN  |GeoJSON does not support ellipse geometry. Ellipse geometry will be output as a Polygon
2022-01-26 14:14:05|   0.6|  0.0|INFORM|Closing the GEOJSON writer
2022-01-26 14:14:05|   0.6|  0.0|INFORM|=-=-=-=-=-=-=-=-=-=-=-=-=-=-=-=-=-=-=-=-=-=-=-=-=-=-=-=-=-=-=-=-=-=-=-=-=-=-=-
2022-01-26 14:14:05|   0.6|  0.0|INFORM|Feature output statistics for `GEOJSON' writer using keyword `GEOJSON_1':
2022-01-26 14:14:05|   0.6|  0.0|STATS |=-=-=-=-=-=-=-=-=-=-=-=-=-=-=-=-=-=-=-=-=-=-=-=-=-=-=-=-=-=-=-=-=-=-=-=-=-=-=-
2022-01-26 14:14:05|   0.6|  0.0|STATS |                               Features Written
2022-01-26 14:14:05|   0.6|  0.0|STATS |=-=-=-=-=-=-=-=-=-=-=-=-=-=-=-=-=-=-=-=-=-=-=-=-=-=-=-=-=-=-=-=-=-=-=-=-=-=-=-
2022-01-26 14:14:05|   0.6|  0.0|STATS |with_cost                                                                   40
2022-01-26 14:14:05|   0.6|  0.0|STATS |==============================================================================
2022-01-26 14:14:05|   0.6|  0.0|STATS |Total Features Written                                                      40
2022-01-26 14:14:05|   0.6|  0.0|STATS |=-=-=-=-=-=-=-=-=-=-=-=-=-=-=-=-=-=-=-=-=-=-=-=-=-=-=-=-=-=-=-=-=-=-=-=-=-=-=-
2022-01-26 14:14:05|   0.6|  0.0|INFORM|MULTI_WRITER: multi_writer_id `3': Started outputting features
2022-01-26 14:14:05|   0.6|  0.0|INFORM|Creating writer for format: GeoJSON (Geographic JavaScript Object Notation)
2022-01-26 14:14:05|   0.6|  0.0|INFORM|Trying to find a DYNAMIC plugin for writer named `GEOJSON'
2022-01-26 14:14:05|   0.6|  0.0|INFORM|FME API version of module 'GEOJSON' matches current internal version (3.8 20210302)
2022-01-26 14:14:05|   0.6|  0.0|INFORM|FME Configuration: Destination coordinate system set to `DHDN.Berlin/Cassini'
2022-01-26 14:14:05|   0.6|  0.0|INFORM|Coordinate System `DHDN.Berlin/Cassini' parameters: CS_NAME=`DHDN.Berlin/Cassini' DESC_NM=`DHDN / Soldner Berlin' DT_NAME=`DHDN' EPSG_QD=`-1' GROUP=`EUROPE' MAP_SCL=`1' MAX_LAT=`52.68' MAX_LNG=`13.77' MIN_LAT=`52.330000000000005' MIN_LNG=`13.08' ORG_LAT=`52.41864827777778' PARM1=`13.627203666666666' PROJ=`CASSINI' QUAD=`1' SCL_RED=`1' SOURCE=`EPSG, V6.11.2, 3068 [Berlin state statistical office. Also a]' UNIT=`Meter' X_OFF=`40000' Y_OFF=`10000' ZERO_X=`0.001' ZERO_Y=`0.001'
2022-01-26 14:14:05|   0.6|  0.0|INFORM|FME API version of module 'GEOJSON' matches current internal version (3.8 20210302)
2022-01-26 14:14:05|   0.6|  0.0|INFORM|Writer `GEOJSON_4' of type `GEOJSON' using group definition keyword `GEOJSON_4_DEF'
2022-01-26 14:14:05|   0.6|  0.0|INFORM|FME API version of module 'GEOJSON' matches current internal version (3.8 20210302)
2022-01-26 14:14:05|   0.6|  0.0|INFORM|GeoJSON Writer: All features not in WGS84 will be reprojected to WGS84
2022-01-26 14:14:05|   0.6|  0.0|INFORM|Opening the GEOJSON writer with destination dataset 'C:\Users\kondz\Desktop\bazy\cw12\poi_no_cost.json'
2022-01-26 14:14:05|   0.6|  0.0|WARN  |GeoJSON does not support ellipse geometry. Ellipse geometry will be output as a Polygon
2022-01-26 14:14:05|   0.6|  0.0|INFORM|Closing the GEOJSON writer
2022-01-26 14:14:05|   0.6|  0.0|INFORM|=-=-=-=-=-=-=-=-=-=-=-=-=-=-=-=-=-=-=-=-=-=-=-=-=-=-=-=-=-=-=-=-=-=-=-=-=-=-=-
2022-01-26 14:14:05|   0.6|  0.0|INFORM|Feature output statistics for `GEOJSON' writer using keyword `GEOJSON_4':
2022-01-26 14:14:05|   0.6|  0.0|STATS |=-=-=-=-=-=-=-=-=-=-=-=-=-=-=-=-=-=-=-=-=-=-=-=-=-=-=-=-=-=-=-=-=-=-=-=-=-=-=-
2022-01-26 14:14:05|   0.6|  0.0|STATS |                               Features Written
2022-01-26 14:14:05|   0.6|  0.0|STATS |=-=-=-=-=-=-=-=-=-=-=-=-=-=-=-=-=-=-=-=-=-=-=-=-=-=-=-=-=-=-=-=-=-=-=-=-=-=-=-
2022-01-26 14:14:05|   0.6|  0.0|STATS |with_cost                                                                   25
2022-01-26 14:14:05|   0.6|  0.0|STATS |==============================================================================
2022-01-26 14:14:05|   0.6|  0.0|STATS |Total Features Written                                                      25
2022-01-26 14:14:05|   0.6|  0.0|STATS |=-=-=-=-=-=-=-=-=-=-=-=-=-=-=-=-=-=-=-=-=-=-=-=-=-=-=-=-=-=-=-=-=-=-=-=-=-=-=-
2022-01-26 14:14:05|   0.6|  0.0|INFORM|MULTI_WRITER: multi_writer_id `3': done writing 25 feature(s) 
2022-01-26 14:14:05|   0.6|  0.0|INFORM|^^^^^^^^^^^^^^^^^^^^^^^^^^^^^^^^^^^^^^^^^^^^^^^^^^^^^^^^^^^^^^^^^^^^^^^^^^^^^^
2022-01-26 14:14:05|   0.6|  0.0|INFORM|MULTI_WRITER: multi_writer_id `4': Started outputting features
2022-01-26 14:14:05|   0.6|  0.0|INFORM|Creating writer for format: Esri Geodatabase (File Geodb)
2022-01-26 14:14:05|   0.7|  0.1|INFORM|Trying to find a DYNAMIC plugin for writer named `GEODATABASE_FILE'
2022-01-26 14:14:05|   0.7|  0.0|INFORM|Loaded module 'GEODATABASE_FILE' from file 'C:\Program Files\FME\GEODATABASE9.dll'
2022-01-26 14:14:05|   0.7|  0.0|INFORM|FME API version of module 'GEODATABASE_FILE' matches current internal version (3.8 20210302)
2022-01-26 14:14:05|   0.7|  0.0|INFORM|FME Configuration: Destination coordinate system set to `DHDN.Berlin/Cassini'
2022-01-26 14:14:05|   0.7|  0.0|INFORM|Coordinate System `DHDN.Berlin/Cassini' parameters: CS_NAME=`DHDN.Berlin/Cassini' DESC_NM=`DHDN / Soldner Berlin' DT_NAME=`DHDN' EPSG_QD=`-1' GROUP=`EUROPE' MAP_SCL=`1' MAX_LAT=`52.68' MAX_LNG=`13.77' MIN_LAT=`52.330000000000005' MIN_LNG=`13.08' ORG_LAT=`52.41864827777778' PARM1=`13.627203666666666' PROJ=`CASSINI' QUAD=`1' SCL_RED=`1' SOURCE=`EPSG, V6.11.2, 3068 [Berlin state statistical office. Also a]' UNIT=`Meter' X_OFF=`40000' Y_OFF=`10000' ZERO_X=`0.001' ZERO_Y=`0.001'
2022-01-26 14:14:05|   0.7|  0.0|INFORM|FME API version of module 'GEODATABASE_FILE' matches current internal version (3.8 20210302)
2022-01-26 14:14:05|   0.7|  0.0|INFORM|Writer `GEODATABASE_FILE_2' of type `GEODATABASE_FILE' using group definition keyword `GEODATABASE_FILE_2_DEF'
2022-01-26 14:14:05|   0.7|  0.0|INFORM|FME API version of module 'GEODATABASE_FILE' matches current internal version (3.8 20210302)
2022-01-26 14:14:08|   1.2|  0.5|INFORM|The ArcObjects license 'Advanced' is being selected from the ESRILicenseInfo ArcObjects call
2022-01-26 14:14:08|   1.6|  0.4|INFORM|FME has checked out an Esri license. The product checked out is 'Advanced'
2022-01-26 14:14:08|   1.6|  0.0|INFORM|Installed ArcGIS version is '2.8.3'
2022-01-26 14:14:08|   1.6|  0.0|INFORM|Connected to the File Geodatabase at 'C:\Users\kondz\Desktop\bazy\cw12\cw12.gdb'
2022-01-26 14:14:08|   1.6|  0.0|INFORM|File Geodatabase release: '10.0'
2022-01-26 14:14:08|   1.6|  0.0|INFORM|Fast deletes enabled
2022-01-26 14:14:08|   1.6|  0.0|INFORM|The 'HAS_Z_VALUES' keyword is set to 'AUTO_DETECT'. With the exception of MultiPatch feature classes, the dimensionality of new feature classes will be based on the first feature written to the feature class. (Features with no geometry are considered 2D)
2022-01-26 14:14:08|   1.6|  0.0|INFORM|A default z-value of '0' will be used for all 3D features where z-values are not provided
2022-01-26 14:14:08|   1.6|  0.0|INFORM|Esri Geodatabase Writer: Not simplifying geometries being written
2022-01-26 14:14:08|   1.6|  0.0|INFORM|Transactions are being used by the Esri Geodatabase Writer
2022-01-26 14:14:10|   3.1|  1.5|INFORM|Esri Geodatabase Writer: Creating feature class `intersections_w_cost'
2022-01-26 14:14:10|   3.1|  0.0|INFORM|Esri Geodatabase Writer: The field 'OBJECTID' in table 'intersections_w_cost' will not be updated since it is not editable
2022-01-26 14:14:10|   3.1|  0.0|INFORM|Esri Geodatabase Writer: The field 'SHAPE_Length' in table 'intersections_w_cost' will not be updated since it is not editable
2022-01-26 14:14:10|   3.1|  0.0|STATS |GeodatabaseRelationshipFeaturesPipeline::GeodatabaseRelationshipFeatures (SortFactory): Finished sorting a total of 0 features.
2022-01-26 14:14:10|   3.1|  0.0|INFORM|Transaction #1 (final transaction) was successfully committed
2022-01-26 14:14:10|   3.3|  0.2|INFORM|Closing the Esri Geodatabase writer
2022-01-26 14:14:10|   3.3|  0.0|INFORM|=-=-=-=-=-=-=-=-=-=-=-=-=-=-=-=-=-=-=-=-=-=-=-=-=-=-=-=-=-=-=-=-=-=-=-=-=-=-=-
2022-01-26 14:14:10|   3.3|  0.0|INFORM|Feature output statistics for `GEODATABASE_FILE' writer using keyword `GEODATABASE_FILE_2':
2022-01-26 14:14:10|   3.3|  0.0|STATS |=-=-=-=-=-=-=-=-=-=-=-=-=-=-=-=-=-=-=-=-=-=-=-=-=-=-=-=-=-=-=-=-=-=-=-=-=-=-=-
2022-01-26 14:14:10|   3.3|  0.0|STATS |                               Features Written
2022-01-26 14:14:10|   3.3|  0.0|STATS |=-=-=-=-=-=-=-=-=-=-=-=-=-=-=-=-=-=-=-=-=-=-=-=-=-=-=-=-=-=-=-=-=-=-=-=-=-=-=-
2022-01-26 14:14:10|   3.3|  0.0|STATS |intersections_w_cost                                                         1
2022-01-26 14:14:10|   3.3|  0.0|STATS |==============================================================================
2022-01-26 14:14:10|   3.3|  0.0|STATS |Total Features Written                                                       1
2022-01-26 14:14:10|   3.3|  0.0|STATS |=-=-=-=-=-=-=-=-=-=-=-=-=-=-=-=-=-=-=-=-=-=-=-=-=-=-=-=-=-=-=-=-=-=-=-=-=-=-=-
2022-01-26 14:14:10|   3.3|  0.0|INFORM|MULTI_WRITER: multi_writer_id `4': done writing 1 feature(s) 
2022-01-26 14:14:10|   3.3|  0.0|INFORM|^^^^^^^^^^^^^^^^^^^^^^^^^^^^^^^^^^^^^^^^^^^^^^^^^^^^^^^^^^^^^^^^^^^^^^^^^^^^^^
2022-01-26 14:14:10|   3.3|  0.0|INFORM|MULTI_WRITER: multi_writer_id `5': Started outputting features
2022-01-26 14:14:10|   3.3|  0.0|INFORM|Creating writer for format: Esri Geodatabase (File Geodb)
2022-01-26 14:14:10|   3.3|  0.0|INFORM|Trying to find a DYNAMIC plugin for writer named `GEODATABASE_FILE'
2022-01-26 14:14:10|   3.3|  0.0|INFORM|FME API version of module 'GEODATABASE_FILE' matches current internal version (3.8 20210302)
2022-01-26 14:14:10|   3.3|  0.0|INFORM|FME Configuration: Destination coordinate system set to `DHDN.Berlin/Cassini'
2022-01-26 14:14:10|   3.3|  0.0|INFORM|Coordinate System `DHDN.Berlin/Cassini' parameters: CS_NAME=`DHDN.Berlin/Cassini' DESC_NM=`DHDN / Soldner Berlin' DT_NAME=`DHDN' EPSG_QD=`-1' GROUP=`EUROPE' MAP_SCL=`1' MAX_LAT=`52.68' MAX_LNG=`13.77' MIN_LAT=`52.330000000000005' MIN_LNG=`13.08' ORG_LAT=`52.41864827777778' PARM1=`13.627203666666666' PROJ=`CASSINI' QUAD=`1' SCL_RED=`1' SOURCE=`EPSG, V6.11.2, 3068 [Berlin state statistical office. Also a]' UNIT=`Meter' X_OFF=`40000' Y_OFF=`10000' ZERO_X=`0.001' ZERO_Y=`0.001'
2022-01-26 14:14:10|   3.3|  0.0|INFORM|FME API version of module 'GEODATABASE_FILE' matches current internal version (3.8 20210302)
2022-01-26 14:14:10|   3.3|  0.0|INFORM|Writer `GEODATABASE_FILE_3' of type `GEODATABASE_FILE' using group definition keyword `GEODATABASE_FILE_3_DEF'
2022-01-26 14:14:10|   3.3|  0.0|INFORM|FME API version of module 'GEODATABASE_FILE' matches current internal version (3.8 20210302)
2022-01-26 14:14:10|   3.3|  0.0|INFORM|An ArcGIS license is already checked out. The product checked out is 'Advanced'
2022-01-26 14:14:10|   3.3|  0.0|INFORM|Installed ArcGIS version is '2.8.3'
2022-01-26 14:14:10|   3.3|  0.0|INFORM|Connected to the File Geodatabase at 'C:\Users\kondz\Desktop\bazy\cw12\cw12.gdb'
2022-01-26 14:14:10|   3.3|  0.0|INFORM|File Geodatabase release: '10.0'
2022-01-26 14:14:10|   3.3|  0.0|INFORM|Fast deletes enabled
2022-01-26 14:14:10|   3.3|  0.0|INFORM|The 'HAS_Z_VALUES' keyword is set to 'AUTO_DETECT'. With the exception of MultiPatch feature classes, the dimensionality of new feature classes will be based on the first feature written to the feature class. (Features with no geometry are considered 2D)
2022-01-26 14:14:10|   3.3|  0.0|INFORM|A default z-value of '0' will be used for all 3D features where z-values are not provided
2022-01-26 14:14:10|   3.3|  0.0|INFORM|Esri Geodatabase Writer: Not simplifying geometries being written
2022-01-26 14:14:10|   3.3|  0.0|INFORM|Transactions are being used by the Esri Geodatabase Writer
2022-01-26 14:14:10|   3.3|  0.0|INFORM|Esri Geodatabase Writer: Creating feature class `intersection_no_cost'
2022-01-26 14:14:10|   3.3|  0.0|INFORM|Esri Geodatabase Writer: The field 'OBJECTID' in table 'intersection_no_cost' will not be updated since it is not editable
2022-01-26 14:14:10|   3.3|  0.0|INFORM|Esri Geodatabase Writer: The field 'SHAPE_Length' in table 'intersection_no_cost' will not be updated since it is not editable
2022-01-26 14:14:10|   3.3|  0.0|STATS |GeodatabaseRelationshipFeaturesPipeline::GeodatabaseRelationshipFeatures (SortFactory): Finished sorting a total of 0 features.
2022-01-26 14:14:10|   3.3|  0.0|INFORM|Transaction #1 (final transaction) was successfully committed
2022-01-26 14:14:10|   3.3|  0.0|INFORM|Closing the Esri Geodatabase writer
2022-01-26 14:14:10|   3.3|  0.0|INFORM|=-=-=-=-=-=-=-=-=-=-=-=-=-=-=-=-=-=-=-=-=-=-=-=-=-=-=-=-=-=-=-=-=-=-=-=-=-=-=-
2022-01-26 14:14:10|   3.3|  0.0|INFORM|Feature output statistics for `GEODATABASE_FILE' writer using keyword `GEODATABASE_FILE_3':
2022-01-26 14:14:10|   3.3|  0.0|STATS |=-=-=-=-=-=-=-=-=-=-=-=-=-=-=-=-=-=-=-=-=-=-=-=-=-=-=-=-=-=-=-=-=-=-=-=-=-=-=-
2022-01-26 14:14:10|   3.3|  0.0|STATS |                               Features Written
2022-01-26 14:14:10|   3.3|  0.0|STATS |=-=-=-=-=-=-=-=-=-=-=-=-=-=-=-=-=-=-=-=-=-=-=-=-=-=-=-=-=-=-=-=-=-=-=-=-=-=-=-
2022-01-26 14:14:10|   3.3|  0.0|STATS |intersection_no_cost                                                         1
2022-01-26 14:14:10|   3.3|  0.0|STATS |==============================================================================
2022-01-26 14:14:10|   3.3|  0.0|STATS |Total Features Written                                                       1
2022-01-26 14:14:10|   3.3|  0.0|STATS |=-=-=-=-=-=-=-=-=-=-=-=-=-=-=-=-=-=-=-=-=-=-=-=-=-=-=-=-=-=-=-=-=-=-=-=-=-=-=-
2022-01-26 14:14:10|   3.3|  0.0|INFORM|MULTI_WRITER: multi_writer_id `5': done writing 1 feature(s) 
2022-01-26 14:14:10|   3.3|  0.0|INFORM|^^^^^^^^^^^^^^^^^^^^^^^^^^^^^^^^^^^^^^^^^^^^^^^^^^^^^^^^^^^^^^^^^^^^^^^^^^^^^^
2022-01-26 14:14:10|   3.3|  0.0|STATS |=-=-=-=-=-=-=-=-=-=-=-=-=-=-=-=-=-=-=-=-=-=-=-=-=-=-=-=-=-=-=-=-=-=-=-=-=-=-=-
2022-01-26 14:14:10|   3.3|  0.0|STATS |                            Features Read Summary
2022-01-26 14:14:10|   3.3|  0.0|STATS |=-=-=-=-=-=-=-=-=-=-=-=-=-=-=-=-=-=-=-=-=-=-=-=-=-=-=-=-=-=-=-=-=-=-=-=-=-=-=-
2022-01-26 14:14:10|   3.3|  0.0|STATS |==============================================================================
2022-01-26 14:14:10|   3.3|  0.0|STATS |Total Features Read                                                          0
2022-01-26 14:14:10|   3.3|  0.0|STATS |=-=-=-=-=-=-=-=-=-=-=-=-=-=-=-=-=-=-=-=-=-=-=-=-=-=-=-=-=-=-=-=-=-=-=-=-=-=-=-
2022-01-26 14:14:10|   3.3|  0.0|STATS |=-=-=-=-=-=-=-=-=-=-=-=-=-=-=-=-=-=-=-=-=-=-=-=-=-=-=-=-=-=-=-=-=-=-=-=-=-=-=-
2022-01-26 14:14:10|   3.3|  0.0|STATS |                           Features Written Summary
2022-01-26 14:14:10|   3.3|  0.0|STATS |=-=-=-=-=-=-=-=-=-=-=-=-=-=-=-=-=-=-=-=-=-=-=-=-=-=-=-=-=-=-=-=-=-=-=-=-=-=-=-
2022-01-26 14:14:10|   3.3|  0.0|STATS |intersection_no_cost                                                         1
2022-01-26 14:14:10|   3.3|  0.0|STATS |intersections_w_cost                                                         1
2022-01-26 14:14:10|   3.3|  0.0|STATS |with_cost                                                                   65
2022-01-26 14:14:10|   3.3|  0.0|STATS |==============================================================================
2022-01-26 14:14:10|   3.3|  0.0|STATS |Total Features Written                                                      67
2022-01-26 14:14:10|   3.3|  0.0|STATS |=-=-=-=-=-=-=-=-=-=-=-=-=-=-=-=-=-=-=-=-=-=-=-=-=-=-=-=-=-=-=-=-=-=-=-=-=-=-=-
2022-01-26 14:14:10|   3.3|  0.0|WARN  |-~-~-~-~-~-~-~-~-~-~-~-~-~-~-~-~-~-~-~-~-~-~-~-~-~-~-~-~-~-~-~-~-~-~-~-~-~-~-~-~-
2022-01-26 14:14:10|   3.3|  0.0|WARN  |-~                                                                             ~-
2022-01-26 14:14:10|   3.3|  0.0|WARN  |-~    Feature caches have been recorded at every stage of the translation.     ~-
2022-01-26 14:14:10|   3.3|  0.0|WARN  |-~                      To inspect the recorded features,                      ~-
2022-01-26 14:14:10|   3.3|  0.0|WARN  |-~              click the feature cache icons next to the ports.               ~-
2022-01-26 14:14:10|   3.3|  0.0|WARN  |-~                                                                             ~-
2022-01-26 14:14:10|   3.3|  0.0|WARN  |-~-~-~-~-~-~-~-~-~-~-~-~-~-~-~-~-~-~-~-~-~-~-~-~-~-~-~-~-~-~-~-~-~-~-~-~-~-~-~-~-
2022-01-26 14:14:10|   3.3|  0.0|INFORM|Translation was SUCCESSFUL with 9 warning(s) (67 feature(s) output)
2022-01-26 14:14:10|   3.3|  0.0|INFORM|FME Session Duration: 6 seconds. (CPU: 2.3s user, 1.0s system)
2022-01-26 14:14:10|   3.3|  0.0|INFORM|END - ProcessID: 14876, peak process memory usage: 255060 kB, current process memory usage: 248300 kB
